<?xml version="1.0" encoding="UTF-8"?>
<!-- Generated by org.testng.reporters.JUnitReportReporter -->
<testsuite hostname="Timer" name="com.mistong.interfacetest.testcases.personalcenter.personalcenter_009_studentsdynamic_test" tests="4" failures="0" timestamp="13 Jan 2017 09:44:01 GMT" time="0.952" errors="0">
  <testcase name="testCase" time="0.184" classname="com.mistong.interfacetest.testcases.personalcenter.personalcenter_009_studentsdynamic_test"/>
  <testcase name="testCase" time="0.170" classname="com.mistong.interfacetest.testcases.personalcenter.personalcenter_009_studentsdynamic_test"/>
  <testcase name="testCase" time="0.018" classname="com.mistong.interfacetest.testcases.personalcenter.personalcenter_009_studentsdynamic_test"/>
  <testcase name="testCase" time="0.580" classname="com.mistong.interfacetest.testcases.personalcenter.personalcenter_009_studentsdynamic_test"/>
</testsuite> <!-- com.mistong.interfacetest.testcases.personalcenter.personalcenter_009_studentsdynamic_test -->
