<?xml version="1.0" encoding="UTF-8"?>
<!-- Generated by org.testng.reporters.JUnitReportReporter -->
<testsuite hostname="Timer" name="com.mistong.interfacetest.testcases.coursetest.coursetest_004_ifIsPractice_test" tests="4" failures="0" timestamp="13 Jan 2017 09:44:01 GMT" time="0.251" errors="0">
  <testcase name="testcase" time="0.012" classname="com.mistong.interfacetest.testcases.coursetest.coursetest_004_ifIsPractice_test"/>
  <testcase name="testcase" time="0.052" classname="com.mistong.interfacetest.testcases.coursetest.coursetest_004_ifIsPractice_test"/>
  <testcase name="testcase" time="0.178" classname="com.mistong.interfacetest.testcases.coursetest.coursetest_004_ifIsPractice_test"/>
  <testcase name="testcase" time="0.009" classname="com.mistong.interfacetest.testcases.coursetest.coursetest_004_ifIsPractice_test"/>
</testsuite> <!-- com.mistong.interfacetest.testcases.coursetest.coursetest_004_ifIsPractice_test -->
