<?xml version="1.0" encoding="UTF-8"?>
<!-- Generated by org.testng.reporters.JUnitReportReporter -->
<testsuite hostname="Timer" name="com.mistong.interfacetest.testcases.payment.payment_004_ordercancel_test" tests="3" failures="0" timestamp="13 Jan 2017 09:44:01 GMT" time="2.289" errors="0">
  <testcase name="testCase" time="0.261" classname="com.mistong.interfacetest.testcases.payment.payment_004_ordercancel_test"/>
  <testcase name="testCase" time="0.024" classname="com.mistong.interfacetest.testcases.payment.payment_004_ordercancel_test"/>
  <testcase name="testCase" time="2.004" classname="com.mistong.interfacetest.testcases.payment.payment_004_ordercancel_test"/>
</testsuite> <!-- com.mistong.interfacetest.testcases.payment.payment_004_ordercancel_test -->
