<?xml version="1.0" encoding="UTF-8"?>
<!-- Generated by org.testng.reporters.JUnitReportReporter -->
<testsuite hostname="Timer" name="com.mistong.interfacetest.testcases.reglogin.forgetpassword_002_checkvalidation_test" tests="3" failures="0" timestamp="13 Jan 2017 09:44:01 GMT" time="120.517" errors="0">
  <testcase name="registerSuccessFunction" time="0.197" classname="com.mistong.interfacetest.testcases.reglogin.forgetpassword_002_checkvalidation_test"/>
  <testcase name="registerSuccessFunction" time="120.160" classname="com.mistong.interfacetest.testcases.reglogin.forgetpassword_002_checkvalidation_test"/>
  <testcase name="registerSuccessFunction" time="0.160" classname="com.mistong.interfacetest.testcases.reglogin.forgetpassword_002_checkvalidation_test"/>
</testsuite> <!-- com.mistong.interfacetest.testcases.reglogin.forgetpassword_002_checkvalidation_test -->
