<?xml version="1.0" encoding="UTF-8"?>
<!-- Generated by org.testng.reporters.JUnitReportReporter -->
<testsuite hostname="Timer" name="com.mistong.interfacetest.testcases.search.search_001_vodsearch_test" tests="2" failures="0" timestamp="17 Jan 2017 02:32:25 GMT" time="1.319" errors="0">
  <testcase name="testCase" time="0.905" classname="com.mistong.interfacetest.testcases.search.search_001_vodsearch_test"/>
  <testcase name="testCase" time="0.414" classname="com.mistong.interfacetest.testcases.search.search_001_vodsearch_test"/>
</testsuite> <!-- com.mistong.interfacetest.testcases.search.search_001_vodsearch_test -->
