<?xml version="1.0" encoding="UTF-8"?>
<!-- Generated by org.testng.reporters.JUnitReportReporter -->
<testsuite hostname="Timer" name="com.mistong.interfacetest.testcases.personalcenter.personalcenter_001_searchinfo_test" tests="2" failures="0" timestamp="13 Jan 2017 09:44:01 GMT" time="0.032" errors="0">
  <testcase name="testCase" time="0.015" classname="com.mistong.interfacetest.testcases.personalcenter.personalcenter_001_searchinfo_test"/>
  <testcase name="testCase" time="0.017" classname="com.mistong.interfacetest.testcases.personalcenter.personalcenter_001_searchinfo_test"/>
</testsuite> <!-- com.mistong.interfacetest.testcases.personalcenter.personalcenter_001_searchinfo_test -->
