<?xml version="1.0" encoding="UTF-8"?>
<!-- Generated by org.testng.reporters.JUnitReportReporter -->
<testsuite hostname="Timer" name="com.mistong.interfacetest.testcases.personalcenter.personalcenter_018_getcommodityviewnew_test" tests="8" failures="0" timestamp="13 Jan 2017 09:44:01 GMT" time="5.534" errors="0">
  <testcase name="testCase" time="0.929" classname="com.mistong.interfacetest.testcases.personalcenter.personalcenter_018_getcommodityviewnew_test"/>
  <testcase name="testCase" time="0.877" classname="com.mistong.interfacetest.testcases.personalcenter.personalcenter_018_getcommodityviewnew_test"/>
  <testcase name="testCase" time="0.867" classname="com.mistong.interfacetest.testcases.personalcenter.personalcenter_018_getcommodityviewnew_test"/>
  <testcase name="testCase" time="0.085" classname="com.mistong.interfacetest.testcases.personalcenter.personalcenter_018_getcommodityviewnew_test"/>
  <testcase name="testCase" time="0.431" classname="com.mistong.interfacetest.testcases.personalcenter.personalcenter_018_getcommodityviewnew_test"/>
  <testcase name="testCase" time="1.206" classname="com.mistong.interfacetest.testcases.personalcenter.personalcenter_018_getcommodityviewnew_test"/>
  <testcase name="testCase" time="0.755" classname="com.mistong.interfacetest.testcases.personalcenter.personalcenter_018_getcommodityviewnew_test"/>
  <testcase name="testCase" time="0.384" classname="com.mistong.interfacetest.testcases.personalcenter.personalcenter_018_getcommodityviewnew_test"/>
</testsuite> <!-- com.mistong.interfacetest.testcases.personalcenter.personalcenter_018_getcommodityviewnew_test -->
