<?xml version="1.0" encoding="UTF-8"?>
<!-- Generated by org.testng.reporters.JUnitReportReporter -->
<testsuite hostname="Timer" name="com.mistong.interfacetest.testcases.personalcenter.personalcenter_008_savePlayrecord_test" tests="3" failures="0" timestamp="13 Jan 2017 09:44:01 GMT" time="0.088" errors="0">
  <testcase name="testCase" time="0.043" classname="com.mistong.interfacetest.testcases.personalcenter.personalcenter_008_savePlayrecord_test"/>
  <testcase name="testCase" time="0.032" classname="com.mistong.interfacetest.testcases.personalcenter.personalcenter_008_savePlayrecord_test"/>
  <testcase name="testCase" time="0.013" classname="com.mistong.interfacetest.testcases.personalcenter.personalcenter_008_savePlayrecord_test"/>
</testsuite> <!-- com.mistong.interfacetest.testcases.personalcenter.personalcenter_008_savePlayrecord_test -->
