<?xml version="1.0" encoding="UTF-8"?>
<!-- Generated by org.testng.reporters.JUnitReportReporter -->
<testsuite hostname="Timer" name="com.mistong.interfacetest.testcases.personalcenter.personalcenter_005_mycourse_test" tests="6" failures="0" timestamp="13 Jan 2017 09:44:01 GMT" time="0.747" errors="0">
  <testcase name="testCase" time="0.056" classname="com.mistong.interfacetest.testcases.personalcenter.personalcenter_005_mycourse_test"/>
  <testcase name="testCase" time="0.163" classname="com.mistong.interfacetest.testcases.personalcenter.personalcenter_005_mycourse_test"/>
  <testcase name="testCase" time="0.173" classname="com.mistong.interfacetest.testcases.personalcenter.personalcenter_005_mycourse_test"/>
  <testcase name="testCase" time="0.100" classname="com.mistong.interfacetest.testcases.personalcenter.personalcenter_005_mycourse_test"/>
  <testcase name="testCase" time="0.111" classname="com.mistong.interfacetest.testcases.personalcenter.personalcenter_005_mycourse_test"/>
  <testcase name="testCase" time="0.144" classname="com.mistong.interfacetest.testcases.personalcenter.personalcenter_005_mycourse_test"/>
</testsuite> <!-- com.mistong.interfacetest.testcases.personalcenter.personalcenter_005_mycourse_test -->
