<?xml version="1.0" encoding="UTF-8"?>
<!-- Generated by org.testng.reporters.JUnitReportReporter -->
<testsuite hostname="Timer" name="com.mistong.interfacetest.testcases.personalcenter.personalcenter_012_talkcomment_test" tests="4" failures="0" timestamp="13 Jan 2017 09:44:01 GMT" time="0.225" errors="0">
  <testcase name="testCase" time="0.072" classname="com.mistong.interfacetest.testcases.personalcenter.personalcenter_012_talkcomment_test"/>
  <testcase name="testCase" time="0.012" classname="com.mistong.interfacetest.testcases.personalcenter.personalcenter_012_talkcomment_test"/>
  <testcase name="testCase" time="0.062" classname="com.mistong.interfacetest.testcases.personalcenter.personalcenter_012_talkcomment_test"/>
  <testcase name="testCase" time="0.079" classname="com.mistong.interfacetest.testcases.personalcenter.personalcenter_012_talkcomment_test"/>
</testsuite> <!-- com.mistong.interfacetest.testcases.personalcenter.personalcenter_012_talkcomment_test -->
