<?xml version="1.0" encoding="UTF-8"?>
<!-- Generated by org.testng.reporters.JUnitReportReporter -->
<testsuite hostname="Timer" name="com.mistong.interfacetest.testcases.circle.circle_002_topiclist_test" tests="3" failures="0" timestamp="13 Jan 2017 09:44:01 GMT" time="1.726" errors="0">
  <testcase name="testCase" time="0.441" classname="com.mistong.interfacetest.testcases.circle.circle_002_topiclist_test"/>
  <testcase name="testCase" time="0.724" classname="com.mistong.interfacetest.testcases.circle.circle_002_topiclist_test"/>
  <testcase name="testCase" time="0.561" classname="com.mistong.interfacetest.testcases.circle.circle_002_topiclist_test"/>
</testsuite> <!-- com.mistong.interfacetest.testcases.circle.circle_002_topiclist_test -->
