<?xml version="1.0" encoding="UTF-8"?>
<!-- Generated by org.testng.reporters.JUnitReportReporter -->
<testsuite hostname="Timer" name="com.mistong.interfacetest.testcases.circle.circle_006_floorreplydetail_test" tests="4" failures="0" timestamp="13 Jan 2017 09:44:01 GMT" time="0.415" errors="0">
  <testcase name="testCase" time="0.319" classname="com.mistong.interfacetest.testcases.circle.circle_006_floorreplydetail_test"/>
  <testcase name="testCase" time="0.013" classname="com.mistong.interfacetest.testcases.circle.circle_006_floorreplydetail_test"/>
  <testcase name="testCase" time="0.072" classname="com.mistong.interfacetest.testcases.circle.circle_006_floorreplydetail_test"/>
  <testcase name="testCase" time="0.011" classname="com.mistong.interfacetest.testcases.circle.circle_006_floorreplydetail_test"/>
</testsuite> <!-- com.mistong.interfacetest.testcases.circle.circle_006_floorreplydetail_test -->
