<?xml version="1.0" encoding="UTF-8"?>
<!-- Generated by org.testng.reporters.JUnitReportReporter -->
<testsuite hostname="Timer" name="com.mistong.interfacetest.testcases.payment.payment_002_orderlist_test" tests="4" failures="0" timestamp="13 Jan 2017 09:44:01 GMT" time="6.035" errors="0">
  <testcase name="testCase" time="0.064" classname="com.mistong.interfacetest.testcases.payment.payment_002_orderlist_test"/>
  <testcase name="testCase" time="0.625" classname="com.mistong.interfacetest.testcases.payment.payment_002_orderlist_test"/>
  <testcase name="testCase" time="5.317" classname="com.mistong.interfacetest.testcases.payment.payment_002_orderlist_test"/>
  <testcase name="testCase" time="0.029" classname="com.mistong.interfacetest.testcases.payment.payment_002_orderlist_test"/>
</testsuite> <!-- com.mistong.interfacetest.testcases.payment.payment_002_orderlist_test -->
