<?xml version="1.0" encoding="UTF-8"?>
<!-- Generated by org.testng.reporters.JUnitReportReporter -->
<testsuite hostname="Timer" name="com.mistong.interfacetest.testcases.live.live_001_liveStatus_test" tests="2" failures="0" timestamp="13 Jan 2017 09:44:01 GMT" time="0.033" errors="0">
  <testcase name="testcase" time="0.013" classname="com.mistong.interfacetest.testcases.live.live_001_liveStatus_test"/>
  <testcase name="testcase" time="0.020" classname="com.mistong.interfacetest.testcases.live.live_001_liveStatus_test"/>
</testsuite> <!-- com.mistong.interfacetest.testcases.live.live_001_liveStatus_test -->
