<?xml version="1.0" encoding="UTF-8"?>
<!-- Generated by org.testng.reporters.JUnitReportReporter -->
<testsuite hostname="Timer" name="com.mistong.interfacetest.testcases.circle.circle_010_praisereply_test" tests="4" failures="0" timestamp="13 Jan 2017 09:44:01 GMT" time="0.084" errors="0">
  <testcase name="testCase" time="0.032" classname="com.mistong.interfacetest.testcases.circle.circle_010_praisereply_test"/>
  <testcase name="testCase" time="0.028" classname="com.mistong.interfacetest.testcases.circle.circle_010_praisereply_test"/>
  <testcase name="testCase" time="0.010" classname="com.mistong.interfacetest.testcases.circle.circle_010_praisereply_test"/>
  <testcase name="testCase" time="0.014" classname="com.mistong.interfacetest.testcases.circle.circle_010_praisereply_test"/>
</testsuite> <!-- com.mistong.interfacetest.testcases.circle.circle_010_praisereply_test -->
