<?xml version="1.0" encoding="UTF-8"?>
<!-- Generated by org.testng.reporters.JUnitReportReporter -->
<testsuite hostname="Timer" name="com.mistong.interfacetest.testcases.personalcenter.personalcenter_010_discussdetails_test" tests="2" failures="0" timestamp="13 Jan 2017 09:44:01 GMT" time="0.107" errors="0">
  <testcase name="testCase" time="0.018" classname="com.mistong.interfacetest.testcases.personalcenter.personalcenter_010_discussdetails_test"/>
  <testcase name="testCase" time="0.089" classname="com.mistong.interfacetest.testcases.personalcenter.personalcenter_010_discussdetails_test"/>
</testsuite> <!-- com.mistong.interfacetest.testcases.personalcenter.personalcenter_010_discussdetails_test -->
