<?xml version="1.0" encoding="UTF-8"?>
<!-- Generated by org.testng.reporters.JUnitReportReporter -->
<testsuite hostname="Timer" name="com.mistong.interfacetest.testcases.commodity.AllCourses_002_old_test" tests="5" failures="0" timestamp="13 Jan 2017 09:44:01 GMT" time="0.497" errors="0">
  <testcase name="testCase" time="0.013" classname="com.mistong.interfacetest.testcases.commodity.AllCourses_002_old_test"/>
  <testcase name="testCase" time="0.192" classname="com.mistong.interfacetest.testcases.commodity.AllCourses_002_old_test"/>
  <testcase name="testCase" time="0.012" classname="com.mistong.interfacetest.testcases.commodity.AllCourses_002_old_test"/>
  <testcase name="testCase" time="0.028" classname="com.mistong.interfacetest.testcases.commodity.AllCourses_002_old_test"/>
  <testcase name="testCase" time="0.252" classname="com.mistong.interfacetest.testcases.commodity.AllCourses_002_old_test"/>
</testsuite> <!-- com.mistong.interfacetest.testcases.commodity.AllCourses_002_old_test -->
