<?xml version="1.0" encoding="UTF-8"?>
<!-- Generated by org.testng.reporters.JUnitReportReporter -->
<testsuite hostname="Timer" name="com.mistong.interfacetest.testcases.reglogin.login_001_pass_test" tests="3" failures="0" timestamp="13 Jan 2017 09:44:01 GMT" time="0.543" errors="0">
  <testcase name="registerSuccessFunction" time="0.022" classname="com.mistong.interfacetest.testcases.reglogin.login_001_pass_test"/>
  <testcase name="registerSuccessFunction" time="0.504" classname="com.mistong.interfacetest.testcases.reglogin.login_001_pass_test"/>
  <testcase name="registerSuccessFunction" time="0.017" classname="com.mistong.interfacetest.testcases.reglogin.login_001_pass_test"/>
</testsuite> <!-- com.mistong.interfacetest.testcases.reglogin.login_001_pass_test -->
