<?xml version="1.0" encoding="UTF-8"?>
<!-- Generated by org.testng.reporters.JUnitReportReporter -->
<testsuite hostname="Timer" name="com.mistong.interfacetest.testcases.vod.vod_002_lessonlist_test" tests="4" failures="0" timestamp="13 Jan 2017 09:44:01 GMT" time="0.919" errors="0">
  <testcase name="testCase" time="0.167" classname="com.mistong.interfacetest.testcases.vod.vod_002_lessonlist_test"/>
  <testcase name="testCase" time="0.016" classname="com.mistong.interfacetest.testcases.vod.vod_002_lessonlist_test"/>
  <testcase name="testCase" time="0.245" classname="com.mistong.interfacetest.testcases.vod.vod_002_lessonlist_test"/>
  <testcase name="testCase" time="0.491" classname="com.mistong.interfacetest.testcases.vod.vod_002_lessonlist_test"/>
</testsuite> <!-- com.mistong.interfacetest.testcases.vod.vod_002_lessonlist_test -->
