<?xml version="1.0" encoding="UTF-8"?>
<!-- Generated by org.testng.reporters.JUnitReportReporter -->
<testsuite hostname="Timer" name="com.mistong.interfacetest.testcases.reglogin.studycard_001_activate_test" tests="4" failures="0" timestamp="13 Jan 2017 09:44:01 GMT" time="2.109" errors="0">
  <testcase name="registerSuccessFunction" time="0.623" classname="com.mistong.interfacetest.testcases.reglogin.studycard_001_activate_test"/>
  <testcase name="registerSuccessFunction" time="0.036" classname="com.mistong.interfacetest.testcases.reglogin.studycard_001_activate_test"/>
  <testcase name="registerSuccessFunction" time="0.573" classname="com.mistong.interfacetest.testcases.reglogin.studycard_001_activate_test"/>
  <testcase name="registerSuccessFunction" time="0.877" classname="com.mistong.interfacetest.testcases.reglogin.studycard_001_activate_test"/>
</testsuite> <!-- com.mistong.interfacetest.testcases.reglogin.studycard_001_activate_test -->
