<?xml version="1.0" encoding="UTF-8"?>
<!-- Generated by org.testng.reporters.JUnitReportReporter -->
<testsuite hostname="Timer" name="com.mistong.interfacetest.testcases.reglogin.register_002_reg_test" tests="4" failures="0" timestamp="13 Jan 2017 09:44:01 GMT" time="13.871" errors="0">
  <testcase name="registerSuccessFunction" time="4.676" classname="com.mistong.interfacetest.testcases.reglogin.register_002_reg_test"/>
  <testcase name="registerSuccessFunction" time="3.480" classname="com.mistong.interfacetest.testcases.reglogin.register_002_reg_test"/>
  <testcase name="registerSuccessFunction" time="2.525" classname="com.mistong.interfacetest.testcases.reglogin.register_002_reg_test"/>
  <testcase name="registerSuccessFunction" time="3.190" classname="com.mistong.interfacetest.testcases.reglogin.register_002_reg_test"/>
</testsuite> <!-- com.mistong.interfacetest.testcases.reglogin.register_002_reg_test -->
