<?xml version="1.0" encoding="UTF-8"?>
<!-- Generated by org.testng.reporters.JUnitReportReporter -->
<testsuite hostname="Timer" name="com.mistong.interfacetest.testcases.fm.fm_003_fmpostlist_test" tests="8" failures="0" timestamp="13 Jan 2017 09:44:01 GMT" time="1.636" errors="0">
  <testcase name="testCase" time="0.011" classname="com.mistong.interfacetest.testcases.fm.fm_003_fmpostlist_test"/>
  <testcase name="testCase" time="0.248" classname="com.mistong.interfacetest.testcases.fm.fm_003_fmpostlist_test"/>
  <testcase name="testCase" time="0.424" classname="com.mistong.interfacetest.testcases.fm.fm_003_fmpostlist_test"/>
  <testcase name="testCase" time="0.041" classname="com.mistong.interfacetest.testcases.fm.fm_003_fmpostlist_test"/>
  <testcase name="testCase" time="0.455" classname="com.mistong.interfacetest.testcases.fm.fm_003_fmpostlist_test"/>
  <testcase name="testCase" time="0.017" classname="com.mistong.interfacetest.testcases.fm.fm_003_fmpostlist_test"/>
  <testcase name="testCase" time="0.428" classname="com.mistong.interfacetest.testcases.fm.fm_003_fmpostlist_test"/>
  <testcase name="testCase" time="0.012" classname="com.mistong.interfacetest.testcases.fm.fm_003_fmpostlist_test"/>
</testsuite> <!-- com.mistong.interfacetest.testcases.fm.fm_003_fmpostlist_test -->
