<?xml version="1.0" encoding="UTF-8"?>
<!-- Generated by org.testng.reporters.JUnitReportReporter -->
<testsuite hostname="Timer" name="com.mistong.interfacetest.testcases.reglogin.packagedata_002_pass_test" tests="6" failures="0" timestamp="13 Jan 2017 09:44:01 GMT" time="0.581" errors="0">
  <testcase name="registerSuccessFunction" time="0.093" classname="com.mistong.interfacetest.testcases.reglogin.packagedata_002_pass_test"/>
  <testcase name="registerSuccessFunction" time="0.100" classname="com.mistong.interfacetest.testcases.reglogin.packagedata_002_pass_test"/>
  <testcase name="registerSuccessFunction" time="0.099" classname="com.mistong.interfacetest.testcases.reglogin.packagedata_002_pass_test"/>
  <testcase name="registerSuccessFunction" time="0.111" classname="com.mistong.interfacetest.testcases.reglogin.packagedata_002_pass_test"/>
  <testcase name="registerSuccessFunction" time="0.090" classname="com.mistong.interfacetest.testcases.reglogin.packagedata_002_pass_test"/>
  <testcase name="registerSuccessFunction" time="0.088" classname="com.mistong.interfacetest.testcases.reglogin.packagedata_002_pass_test"/>
</testsuite> <!-- com.mistong.interfacetest.testcases.reglogin.packagedata_002_pass_test -->
