<?xml version="1.0" encoding="UTF-8"?>
<!-- Generated by org.testng.reporters.JUnitReportReporter -->
<testsuite hostname="Timer" name="com.mistong.interfacetest.testcases.commodity.AllCourses_001_pass_test" tests="4" failures="0" timestamp="13 Jan 2017 09:44:01 GMT" time="5.054" errors="0">
  <testcase name="testCase" time="0.019" classname="com.mistong.interfacetest.testcases.commodity.AllCourses_001_pass_test"/>
  <testcase name="testCase" time="2.067" classname="com.mistong.interfacetest.testcases.commodity.AllCourses_001_pass_test"/>
  <testcase name="testCase" time="1.965" classname="com.mistong.interfacetest.testcases.commodity.AllCourses_001_pass_test"/>
  <testcase name="testCase" time="1.003" classname="com.mistong.interfacetest.testcases.commodity.AllCourses_001_pass_test"/>
</testsuite> <!-- com.mistong.interfacetest.testcases.commodity.AllCourses_001_pass_test -->
