<?xml version="1.0" encoding="UTF-8"?>
<!-- Generated by org.testng.reporters.JUnitReportReporter -->
<testsuite hostname="Timer" name="com.mistong.interfacetest.testcases.coursecollection.coursecollection_002_collectioncourse_test" tests="5" failures="0" timestamp="13 Jan 2017 09:44:01 GMT" time="0.171" errors="0">
  <testcase name="testCase" time="0.012" classname="com.mistong.interfacetest.testcases.coursecollection.coursecollection_002_collectioncourse_test"/>
  <testcase name="testCase" time="0.083" classname="com.mistong.interfacetest.testcases.coursecollection.coursecollection_002_collectioncourse_test"/>
  <testcase name="testCase" time="0.010" classname="com.mistong.interfacetest.testcases.coursecollection.coursecollection_002_collectioncourse_test"/>
  <testcase name="testCase" time="0.018" classname="com.mistong.interfacetest.testcases.coursecollection.coursecollection_002_collectioncourse_test"/>
  <testcase name="testCase" time="0.048" classname="com.mistong.interfacetest.testcases.coursecollection.coursecollection_002_collectioncourse_test"/>
</testsuite> <!-- com.mistong.interfacetest.testcases.coursecollection.coursecollection_002_collectioncourse_test -->
