<?xml version="1.0" encoding="UTF-8"?>
<!-- Generated by org.testng.reporters.JUnitReportReporter -->
<testsuite hostname="Timer" name="com.mistong.interfacetest.testcases.generalize.generalize_006_substationBySet_test" tests="4" failures="0" timestamp="13 Jan 2017 09:44:01 GMT" time="0.128" errors="0">
  <testcase name="testCase" time="0.054" classname="com.mistong.interfacetest.testcases.generalize.generalize_006_substationBySet_test"/>
  <testcase name="testCase" time="0.045" classname="com.mistong.interfacetest.testcases.generalize.generalize_006_substationBySet_test"/>
  <testcase name="testCase" time="0.011" classname="com.mistong.interfacetest.testcases.generalize.generalize_006_substationBySet_test"/>
  <testcase name="testCase" time="0.018" classname="com.mistong.interfacetest.testcases.generalize.generalize_006_substationBySet_test"/>
</testsuite> <!-- com.mistong.interfacetest.testcases.generalize.generalize_006_substationBySet_test -->
