<?xml version="1.0" encoding="UTF-8"?>
<!-- Generated by org.testng.reporters.JUnitReportReporter -->
<testsuite hostname="Timer" name="com.mistong.interfacetest.testcases.personalcenter.personalcenter_006_learningtime_test" tests="2" failures="0" timestamp="13 Jan 2017 09:44:01 GMT" time="0.088" errors="0">
  <testcase name="testCase" time="0.023" classname="com.mistong.interfacetest.testcases.personalcenter.personalcenter_006_learningtime_test"/>
  <testcase name="testCase" time="0.065" classname="com.mistong.interfacetest.testcases.personalcenter.personalcenter_006_learningtime_test"/>
</testsuite> <!-- com.mistong.interfacetest.testcases.personalcenter.personalcenter_006_learningtime_test -->
