<?xml version="1.0" encoding="UTF-8"?>
<!-- Generated by org.testng.reporters.JUnitReportReporter -->
<testsuite hostname="Timer" name="com.mistong.interfacetest.testcases.reglogin.forgetpassword_003_changepassword_test" tests="2" failures="0" timestamp="13 Jan 2017 09:44:01 GMT" time="12.511" errors="0">
  <testcase name="registerSuccessFunction" time="6.332" classname="com.mistong.interfacetest.testcases.reglogin.forgetpassword_003_changepassword_test"/>
  <testcase name="registerSuccessFunction" time="6.179" classname="com.mistong.interfacetest.testcases.reglogin.forgetpassword_003_changepassword_test"/>
</testsuite> <!-- com.mistong.interfacetest.testcases.reglogin.forgetpassword_003_changepassword_test -->
