<?xml version="1.0" encoding="UTF-8"?>
<!-- Generated by org.testng.reporters.JUnitReportReporter -->
<testsuite hostname="Timer" name="com.mistong.interfacetest.testcases.circle.circle_005_topicdetail_test" tests="5" failures="0" timestamp="13 Jan 2017 09:44:01 GMT" time="2.932" errors="0">
  <testcase name="testCase" time="0.013" classname="com.mistong.interfacetest.testcases.circle.circle_005_topicdetail_test"/>
  <testcase name="testCase" time="0.807" classname="com.mistong.interfacetest.testcases.circle.circle_005_topicdetail_test"/>
  <testcase name="testCase" time="2.015" classname="com.mistong.interfacetest.testcases.circle.circle_005_topicdetail_test"/>
  <testcase name="testCase" time="0.070" classname="com.mistong.interfacetest.testcases.circle.circle_005_topicdetail_test"/>
  <testcase name="testCase" time="0.027" classname="com.mistong.interfacetest.testcases.circle.circle_005_topicdetail_test"/>
</testsuite> <!-- com.mistong.interfacetest.testcases.circle.circle_005_topicdetail_test -->
