<?xml version="1.0" encoding="UTF-8"?>
<!-- Generated by org.testng.reporters.JUnitReportReporter -->
<testsuite hostname="Timer" name="com.mistong.interfacetest.testcases.coursetest.coursetest_009_answerofonClass_test" tests="3" failures="0" timestamp="13 Jan 2017 09:44:01 GMT" time="1.081" errors="0">
  <testcase name="testcase" time="0.351" classname="com.mistong.interfacetest.testcases.coursetest.coursetest_009_answerofonClass_test"/>
  <testcase name="testcase" time="0.344" classname="com.mistong.interfacetest.testcases.coursetest.coursetest_009_answerofonClass_test"/>
  <testcase name="testcase" time="0.386" classname="com.mistong.interfacetest.testcases.coursetest.coursetest_009_answerofonClass_test"/>
</testsuite> <!-- com.mistong.interfacetest.testcases.coursetest.coursetest_009_answerofonClass_test -->
