<?xml version="1.0" encoding="UTF-8"?>
<!-- Generated by org.testng.reporters.JUnitReportReporter -->
<testsuite hostname="Timer" name="com.mistong.interfacetest.testcases.coursetest.coursetest_005_endClass_test" tests="1" failures="0" timestamp="13 Jan 2017 09:44:01 GMT" time="0.108" errors="0">
  <testcase name="testcase" time="0.108" classname="com.mistong.interfacetest.testcases.coursetest.coursetest_005_endClass_test"/>
</testsuite> <!-- com.mistong.interfacetest.testcases.coursetest.coursetest_005_endClass_test -->
