<?xml version="1.0" encoding="UTF-8"?>
<!-- Generated by org.testng.reporters.JUnitReportReporter -->
<testsuite hostname="Timer" name="com.mistong.interfacetest.testcases.apple.apple_002_createcryptonymaccount_test" tests="2" failures="0" timestamp="13 Jan 2017 09:44:01 GMT" time="5.186" errors="0">
  <testcase name="testCase" time="0.011" classname="com.mistong.interfacetest.testcases.apple.apple_002_createcryptonymaccount_test"/>
  <testcase name="testCase" time="5.175" classname="com.mistong.interfacetest.testcases.apple.apple_002_createcryptonymaccount_test"/>
</testsuite> <!-- com.mistong.interfacetest.testcases.apple.apple_002_createcryptonymaccount_test -->
