<?xml version="1.0" encoding="UTF-8"?>
<!-- Generated by org.testng.reporters.JUnitReportReporter -->
<testsuite hostname="Timer" name="com.mistong.interfacetest.testcases.fm.fm_006_praisefm_test" tests="6" failures="0" timestamp="13 Jan 2017 09:44:01 GMT" time="0.203" errors="0">
  <testcase name="testCase" time="0.073" classname="com.mistong.interfacetest.testcases.fm.fm_006_praisefm_test"/>
  <testcase name="testCase" time="0.037" classname="com.mistong.interfacetest.testcases.fm.fm_006_praisefm_test"/>
  <testcase name="testCase" time="0.011" classname="com.mistong.interfacetest.testcases.fm.fm_006_praisefm_test"/>
  <testcase name="testCase" time="0.010" classname="com.mistong.interfacetest.testcases.fm.fm_006_praisefm_test"/>
  <testcase name="testCase" time="0.010" classname="com.mistong.interfacetest.testcases.fm.fm_006_praisefm_test"/>
  <testcase name="testCase" time="0.062" classname="com.mistong.interfacetest.testcases.fm.fm_006_praisefm_test"/>
</testsuite> <!-- com.mistong.interfacetest.testcases.fm.fm_006_praisefm_test -->
