<?xml version="1.0" encoding="UTF-8"?>
<!-- Generated by org.testng.reporters.JUnitReportReporter -->
<testsuite hostname="Timer" name="com.mistong.interfacetest.testcases.vod.vod_001_courseinfo_test" tests="2" failures="0" timestamp="13 Jan 2017 09:44:01 GMT" time="0.040" errors="0">
  <testcase name="testCase" time="0.023" classname="com.mistong.interfacetest.testcases.vod.vod_001_courseinfo_test"/>
  <testcase name="testCase" time="0.017" classname="com.mistong.interfacetest.testcases.vod.vod_001_courseinfo_test"/>
</testsuite> <!-- com.mistong.interfacetest.testcases.vod.vod_001_courseinfo_test -->
