<?xml version="1.0" encoding="UTF-8"?>
<!-- Generated by org.testng.reporters.JUnitReportReporter -->
<testsuite hostname="Timer" name="com.mistong.interfacetest.testcases.mycourse.mycourse_007_setTermWithOther_test" tests="3" failures="0" timestamp="13 Jan 2017 09:44:01 GMT" time="1.919" errors="0">
  <testcase name="testCase" time="0.665" classname="com.mistong.interfacetest.testcases.mycourse.mycourse_007_setTermWithOther_test"/>
  <testcase name="testCase" time="0.607" classname="com.mistong.interfacetest.testcases.mycourse.mycourse_007_setTermWithOther_test"/>
  <testcase name="testCase" time="0.647" classname="com.mistong.interfacetest.testcases.mycourse.mycourse_007_setTermWithOther_test"/>
</testsuite> <!-- com.mistong.interfacetest.testcases.mycourse.mycourse_007_setTermWithOther_test -->
