<?xml version="1.0" encoding="UTF-8"?>
<!-- Generated by org.testng.reporters.JUnitReportReporter -->
<testsuite hostname="Timer" name="com.mistong.interfacetest.testcases.generalize.generalize_004_apphome_test" tests="10" failures="0" timestamp="13 Jan 2017 09:44:01 GMT" time="9.229" errors="0">
  <testcase name="testCase" time="0.015" classname="com.mistong.interfacetest.testcases.generalize.generalize_004_apphome_test"/>
  <testcase name="testCase" time="1.407" classname="com.mistong.interfacetest.testcases.generalize.generalize_004_apphome_test"/>
  <testcase name="testCase" time="0.009" classname="com.mistong.interfacetest.testcases.generalize.generalize_004_apphome_test"/>
  <testcase name="testCase" time="1.601" classname="com.mistong.interfacetest.testcases.generalize.generalize_004_apphome_test"/>
  <testcase name="testCase" time="3.418" classname="com.mistong.interfacetest.testcases.generalize.generalize_004_apphome_test"/>
  <testcase name="testCase" time="1.448" classname="com.mistong.interfacetest.testcases.generalize.generalize_004_apphome_test"/>
  <testcase name="testCase" time="1.301" classname="com.mistong.interfacetest.testcases.generalize.generalize_004_apphome_test"/>
  <testcase name="testCase" time="0.010" classname="com.mistong.interfacetest.testcases.generalize.generalize_004_apphome_test"/>
  <testcase name="testCase" time="0.009" classname="com.mistong.interfacetest.testcases.generalize.generalize_004_apphome_test"/>
  <testcase name="testCase" time="0.011" classname="com.mistong.interfacetest.testcases.generalize.generalize_004_apphome_test"/>
</testsuite> <!-- com.mistong.interfacetest.testcases.generalize.generalize_004_apphome_test -->
