<?xml version="1.0" encoding="UTF-8"?>
<!-- Generated by org.testng.reporters.JUnitReportReporter -->
<testsuite hostname="Timer" name="com.mistong.interfacetest.testcases.fm.fm_004_postdetail_test" tests="5" failures="0" timestamp="13 Jan 2017 09:44:01 GMT" time="0.163" errors="0">
  <testcase name="testCase" time="0.017" classname="com.mistong.interfacetest.testcases.fm.fm_004_postdetail_test"/>
  <testcase name="testCase" time="0.011" classname="com.mistong.interfacetest.testcases.fm.fm_004_postdetail_test"/>
  <testcase name="testCase" time="0.010" classname="com.mistong.interfacetest.testcases.fm.fm_004_postdetail_test"/>
  <testcase name="testCase" time="0.065" classname="com.mistong.interfacetest.testcases.fm.fm_004_postdetail_test"/>
  <testcase name="testCase" time="0.060" classname="com.mistong.interfacetest.testcases.fm.fm_004_postdetail_test"/>
</testsuite> <!-- com.mistong.interfacetest.testcases.fm.fm_004_postdetail_test -->
