<?xml version="1.0" encoding="UTF-8"?>
<!-- Generated by org.testng.reporters.JUnitReportReporter -->
<testsuite hostname="Timer" name="com.mistong.interfacetest.testcases.payment.payment_007_getkb_test" tests="2" failures="0" timestamp="13 Jan 2017 09:44:01 GMT" time="0.058" errors="0">
  <testcase name="testCase" time="0.033" classname="com.mistong.interfacetest.testcases.payment.payment_007_getkb_test"/>
  <testcase name="testCase" time="0.025" classname="com.mistong.interfacetest.testcases.payment.payment_007_getkb_test"/>
</testsuite> <!-- com.mistong.interfacetest.testcases.payment.payment_007_getkb_test -->
