<?xml version="1.0" encoding="UTF-8"?>
<!-- Generated by org.testng.reporters.JUnitReportReporter -->
<testsuite hostname="Timer" name="com.mistong.interfacetest.testcases.fm.fm_005_publishcomment_test" tests="6" failures="0" timestamp="13 Jan 2017 09:44:01 GMT" time="0.185" errors="0">
  <testcase name="testCase" time="0.012" classname="com.mistong.interfacetest.testcases.fm.fm_005_publishcomment_test"/>
  <testcase name="testCase" time="0.081" classname="com.mistong.interfacetest.testcases.fm.fm_005_publishcomment_test"/>
  <testcase name="testCase" time="0.010" classname="com.mistong.interfacetest.testcases.fm.fm_005_publishcomment_test"/>
  <testcase name="testCase" time="0.012" classname="com.mistong.interfacetest.testcases.fm.fm_005_publishcomment_test"/>
  <testcase name="testCase" time="0.053" classname="com.mistong.interfacetest.testcases.fm.fm_005_publishcomment_test"/>
  <testcase name="testCase" time="0.017" classname="com.mistong.interfacetest.testcases.fm.fm_005_publishcomment_test"/>
</testsuite> <!-- com.mistong.interfacetest.testcases.fm.fm_005_publishcomment_test -->
