<?xml version="1.0" encoding="UTF-8"?>
<!-- Generated by org.testng.reporters.JUnitReportReporter -->
<testsuite hostname="Timer" name="com.mistong.interfacetest.testcases.circle.circle_004_flower_test" tests="4" failures="0" timestamp="13 Jan 2017 09:44:01 GMT" time="0.193" errors="0">
  <testcase name="testCase" time="0.018" classname="com.mistong.interfacetest.testcases.circle.circle_004_flower_test"/>
  <testcase name="testCase" time="0.013" classname="com.mistong.interfacetest.testcases.circle.circle_004_flower_test"/>
  <testcase name="testCase" time="0.142" classname="com.mistong.interfacetest.testcases.circle.circle_004_flower_test"/>
  <testcase name="testCase" time="0.020" classname="com.mistong.interfacetest.testcases.circle.circle_004_flower_test"/>
</testsuite> <!-- com.mistong.interfacetest.testcases.circle.circle_004_flower_test -->
