<?xml version="1.0" encoding="UTF-8"?>
<!-- Generated by org.testng.reporters.JUnitReportReporter -->
<testsuite hostname="Timer" name="com.mistong.interfacetest.testcases.personalcenter.personalcenter_002_updateinfo_test" tests="2" failures="0" timestamp="13 Jan 2017 09:44:01 GMT" time="1.825" errors="0">
  <testcase name="testCase" time="0.021" classname="com.mistong.interfacetest.testcases.personalcenter.personalcenter_002_updateinfo_test"/>
  <testcase name="testCase" time="1.804" classname="com.mistong.interfacetest.testcases.personalcenter.personalcenter_002_updateinfo_test"/>
</testsuite> <!-- com.mistong.interfacetest.testcases.personalcenter.personalcenter_002_updateinfo_test -->
