<?xml version="1.0" encoding="UTF-8"?>
<!-- Generated by org.testng.reporters.JUnitReportReporter -->
<testsuite hostname="Timer" name="com.mistong.interfacetest.testcases.coursetest.coursetest_001_testBeforeCourse_test" tests="4" failures="0" timestamp="13 Jan 2017 09:44:01 GMT" time="0.378" errors="0">
  <testcase name="testcase" time="0.170" classname="com.mistong.interfacetest.testcases.coursetest.coursetest_001_testBeforeCourse_test"/>
  <testcase name="testcase" time="0.019" classname="com.mistong.interfacetest.testcases.coursetest.coursetest_001_testBeforeCourse_test"/>
  <testcase name="testcase" time="0.018" classname="com.mistong.interfacetest.testcases.coursetest.coursetest_001_testBeforeCourse_test"/>
  <testcase name="testcase" time="0.171" classname="com.mistong.interfacetest.testcases.coursetest.coursetest_001_testBeforeCourse_test"/>
</testsuite> <!-- com.mistong.interfacetest.testcases.coursetest.coursetest_001_testBeforeCourse_test -->
