<?xml version="1.0" encoding="UTF-8"?>
<!-- Generated by org.testng.reporters.JUnitReportReporter -->
<testsuite hostname="Timer" name="com.mistong.interfacetest.testcases.personalcenter.personalcenter_003_schoollist_test" tests="4" failures="0" timestamp="13 Jan 2017 09:44:01 GMT" time="0.190" errors="0">
  <testcase name="testCase" time="0.027" classname="com.mistong.interfacetest.testcases.personalcenter.personalcenter_003_schoollist_test"/>
  <testcase name="testCase" time="0.023" classname="com.mistong.interfacetest.testcases.personalcenter.personalcenter_003_schoollist_test"/>
  <testcase name="testCase" time="0.115" classname="com.mistong.interfacetest.testcases.personalcenter.personalcenter_003_schoollist_test"/>
  <testcase name="testCase" time="0.025" classname="com.mistong.interfacetest.testcases.personalcenter.personalcenter_003_schoollist_test"/>
</testsuite> <!-- com.mistong.interfacetest.testcases.personalcenter.personalcenter_003_schoollist_test -->
