<?xml version="1.0" encoding="UTF-8"?>
<!-- Generated by org.testng.reporters.JUnitReportReporter -->
<testsuite hostname="Timer" name="com.mistong.interfacetest.testcases.mycourse.mycourse_001_getInformation_test" tests="1" failures="0" timestamp="13 Jan 2017 09:44:01 GMT" time="3.363" errors="0">
  <testcase name="testCase" time="3.363" classname="com.mistong.interfacetest.testcases.mycourse.mycourse_001_getInformation_test"/>
</testsuite> <!-- com.mistong.interfacetest.testcases.mycourse.mycourse_001_getInformation_test -->
